#
# A fatal error has been detected by the Java Runtime Environment:
#
#  Internal Error (ad_x86.cpp:1316), pid=17784, tid=23184
#  Error: Unimplemented()
#
# JRE version: Java(TM) SE Runtime Environment (21.0.2+13) (build 21.0.2+13-LTS-58)
# Java VM: Java HotSpot(TM) 64-Bit Server VM (21.0.2+13-LTS-58, mixed mode, sharing, tiered, compressed oops, compressed class ptrs, g1 gc, windows-amd64)
# No core dump will be written. Minidumps are not enabled by default on client versions of Windows
#
# If you would like to submit a bug report, please visit:
#   https://bugreport.java.com/bugreport/crash.jsp
#

---------------  S U M M A R Y ------------

Command Line: -Dmaven.multiModuleProjectDirectory=C:\Users\user\Desktop\javita\2doParcial-Sw2-2024\gatewayreactivo -Djansi.passthrough=true -Dmaven.home=C:\Users\user\.m2\wrapper\dists\apache-maven-3.9.6-bin\439sdfsg2nbdob9ciift5h5nse\apache-maven-3.9.6 -Dclassworlds.conf=C:\Users\user\.m2\wrapper\dists\apache-maven-3.9.6-bin\439sdfsg2nbdob9ciift5h5nse\apache-maven-3.9.6\bin\m2.conf -Dmaven.ext.class.path=C:\Users\user\AppData\Local\Programs\IntelliJ IDEA Ultimate 2024.1.2\plugins\maven\lib\maven-event-listener.jar -javaagent:C:\Users\user\AppData\Local\Programs\IntelliJ IDEA Ultimate 2024.1.2\lib\idea_rt.jar=55451:C:\Users\user\AppData\Local\Programs\IntelliJ IDEA Ultimate 2024.1.2\bin -Dfile.encoding=UTF-8 -Dsun.stdout.encoding=UTF-8 -Dsun.stderr.encoding=UTF-8 org.codehaus.classworlds.Launcher -Didea.version=2024.1.2 org.springframework.boot:spring-boot-maven-plugin:3.3.0:run

Host: Intel(R) Core(TM) i7-8700 CPU @ 3.20GHz, 12 cores, 31G,  Windows 10 , 64 bit Build 19041 (10.0.19041.3636)
Time: Tue Jun 18 01:34:45 2024 Hora estándar oeste, Sudamérica elapsed time: 3.015383 seconds (0d 0h 0m 3s)

---------------  T H R E A D  ---------------

Current thread (0x000001eeae9c5380):  JavaThread "C2 CompilerThread1" daemon [_thread_in_native, id=23184, stack(0x0000009387b00000,0x0000009387c00000) (1024K)]


Current CompileTask:
C2:   3015 4932       4       org.apache.maven.model.interpolation.StringVisitorModelInterpolator$ModelVisitor::visit (231 bytes)

Stack: [0x0000009387b00000,0x0000009387c00000]
Native frames: (J=compiled Java code, j=interpreted, Vv=VM code, C=native code)
V  [jvm.dll+0x6cade9]
V  [jvm.dll+0x8569c1]
V  [jvm.dll+0x858d2e]
V  [jvm.dll+0x8593c7]
V  [jvm.dll+0x280dd7]
V  [jvm.dll+0x280dfc]
V  [jvm.dll+0x280d70]
V  [jvm.dll+0x6acca]
V  [jvm.dll+0x14945]
V  [jvm.dll+0x6d30ea]
V  [jvm.dll+0x6d3452]
V  [jvm.dll+0x6d026c]
V  [jvm.dll+0x249f9d]
V  [jvm.dll+0x2491b1]
V  [jvm.dll+0x1c9634]
V  [jvm.dll+0x258859]
V  [jvm.dll+0x256e3a]
V  [jvm.dll+0x3ef6c6]
V  [jvm.dll+0x7ff568]
V  [jvm.dll+0x6c953d]
C  [ucrtbase.dll+0x21bb2]
C  [KERNEL32.DLL+0x17344]
C  [ntdll.dll+0x526b1]


---------------  P R O C E S S  ---------------

Threads class SMR info:
_java_thread_list=0x000001eeaecb0250, length=14, elements={
0x000001ee87956250, 0x000001eeae1b0b00, 0x000001eeae1b2a30, 0x000001eeae1b5740,
0x000001eeae1b8430, 0x000001eeae1b9630, 0x000001eeae1bc840, 0x000001eeae1c3280,
0x000001eeae1c44c0, 0x000001eead8ec3d0, 0x000001eeae3a4f60, 0x000001eeae3a55d0,
0x000001eeae9c5380, 0x000001eeaea002f0
}

Java Threads: ( => current thread )
  0x000001ee87956250 JavaThread "main"                              [_thread_in_native, id=20564, stack(0x0000009386800000,0x0000009386900000) (1024K)]
  0x000001eeae1b0b00 JavaThread "Reference Handler"          daemon [_thread_blocked, id=16940, stack(0x0000009387000000,0x0000009387100000) (1024K)]
  0x000001eeae1b2a30 JavaThread "Finalizer"                  daemon [_thread_blocked, id=21584, stack(0x0000009387100000,0x0000009387200000) (1024K)]
  0x000001eeae1b5740 JavaThread "Signal Dispatcher"          daemon [_thread_blocked, id=9464, stack(0x0000009387200000,0x0000009387300000) (1024K)]
  0x000001eeae1b8430 JavaThread "Attach Listener"            daemon [_thread_blocked, id=13784, stack(0x0000009387300000,0x0000009387400000) (1024K)]
  0x000001eeae1b9630 JavaThread "Service Thread"             daemon [_thread_blocked, id=20264, stack(0x0000009387400000,0x0000009387500000) (1024K)]
  0x000001eeae1bc840 JavaThread "Monitor Deflation Thread"   daemon [_thread_blocked, id=20592, stack(0x0000009387500000,0x0000009387600000) (1024K)]
  0x000001eeae1c3280 JavaThread "C2 CompilerThread0"         daemon [_thread_in_native, id=24096, stack(0x0000009387600000,0x0000009387700000) (1024K)]
  0x000001eeae1c44c0 JavaThread "C1 CompilerThread0"         daemon [_thread_blocked, id=15352, stack(0x0000009387700000,0x0000009387800000) (1024K)]
  0x000001eead8ec3d0 JavaThread "Common-Cleaner"             daemon [_thread_blocked, id=23764, stack(0x0000009387800000,0x0000009387900000) (1024K)]
  0x000001eeae3a4f60 JavaThread "Monitor Ctrl-Break"         daemon [_thread_in_native, id=10456, stack(0x0000009387900000,0x0000009387a00000) (1024K)]
  0x000001eeae3a55d0 JavaThread "Notification Thread"        daemon [_thread_blocked, id=20468, stack(0x0000009387a00000,0x0000009387b00000) (1024K)]
=>0x000001eeae9c5380 JavaThread "C2 CompilerThread1"         daemon [_thread_in_native, id=23184, stack(0x0000009387b00000,0x0000009387c00000) (1024K)]
  0x000001eeaea002f0 JavaThread "C2 CompilerThread2"         daemon [_thread_in_native, id=8212, stack(0x0000009387c00000,0x0000009387d00000) (1024K)]
Total: 14

Other Threads:
  0x000001eead8feac0 VMThread "VM Thread"                           [id=10448, stack(0x0000009386f00000,0x0000009387000000) (1024K)]
  0x000001eead8e91c0 WatcherThread "VM Periodic Task Thread"        [id=14164, stack(0x0000009386e00000,0x0000009386f00000) (1024K)]
  0x000001ee89c0d560 WorkerThread "GC Thread#0"                     [id=15696, stack(0x0000009386900000,0x0000009386a00000) (1024K)]
  0x000001eeaeca4360 WorkerThread "GC Thread#1"                     [id=4320, stack(0x0000009387d00000,0x0000009387e00000) (1024K)]
  0x000001eeaec87a40 WorkerThread "GC Thread#2"                     [id=9684, stack(0x0000009387e00000,0x0000009387f00000) (1024K)]
  0x000001eeaec87de0 WorkerThread "GC Thread#3"                     [id=20524, stack(0x0000009387f00000,0x0000009388000000) (1024K)]
  0x000001eeaea0cef0 WorkerThread "GC Thread#4"                     [id=16748, stack(0x0000009388000000,0x0000009388100000) (1024K)]
  0x000001eeaea0d710 WorkerThread "GC Thread#5"                     [id=25512, stack(0x0000009388100000,0x0000009388200000) (1024K)]
  0x000001eeaea0e340 WorkerThread "GC Thread#6"                     [id=5308, stack(0x0000009388200000,0x0000009388300000) (1024K)]
  0x000001eeaeae6fc0 WorkerThread "GC Thread#7"                     [id=22004, stack(0x0000009388300000,0x0000009388400000) (1024K)]
  0x000001eeaeae77e0 WorkerThread "GC Thread#8"                     [id=17148, stack(0x0000009388400000,0x0000009388500000) (1024K)]
  0x000001eeaeae7b80 WorkerThread "GC Thread#9"                     [id=14008, stack(0x0000009388500000,0x0000009388600000) (1024K)]
  0x000001ee89c1e4c0 ConcurrentGCThread "G1 Main Marker"            [id=6460, stack(0x0000009386a00000,0x0000009386b00000) (1024K)]
  0x000001ee89c1f240 WorkerThread "G1 Conc#0"                       [id=20280, stack(0x0000009386b00000,0x0000009386c00000) (1024K)]
  0x000001eead7a8b60 ConcurrentGCThread "G1 Refine#0"               [id=11500, stack(0x0000009386c00000,0x0000009386d00000) (1024K)]
  0x000001eead7a96d0 ConcurrentGCThread "G1 Service"                [id=5148, stack(0x0000009386d00000,0x0000009386e00000) (1024K)]
Total: 16

Threads with active compile tasks:
C2 CompilerThread0     3062 4939       4       org.codehaus.plexus.util.xml.Xpp3DomBuilder::build (413 bytes)
C2 CompilerThread1     3062 4932       4       org.apache.maven.model.interpolation.StringVisitorModelInterpolator$ModelVisitor::visit (231 bytes)
C2 CompilerThread2     3062 5038       4       java.lang.ref.Reference::<init> (25 bytes)
Total: 3

VM state: not at safepoint (normal execution)

VM Mutex/Monitor currently owned by a thread: None

Heap address: 0x0000000601000000, size: 8176 MB, Compressed Oops mode: Zero based, Oop shift amount: 3

CDS archive(s) mapped at: [0x000001eeaf000000-0x000001eeafc90000-0x000001eeafc90000), size 13172736, SharedBaseAddress: 0x000001eeaf000000, ArchiveRelocationMode: 1.
Compressed class space mapped at: 0x000001eeb0000000-0x000001eef0000000, reserved size: 1073741824
Narrow klass base: 0x000001eeaf000000, Narrow klass shift: 0, Narrow klass range: 0x100000000

GC Precious Log:
 CardTable entry size: 512
 Card Set container configuration: InlinePtr #cards 4 size 8 Array Of Cards #cards 32 size 80 Howl #buckets 8 coarsen threshold 7372 Howl Bitmap #cards 1024 size 144 coarsen threshold 921 Card regions per heap region 1 cards per card region 8192
 CPUs: 12 total, 12 available
 Memory: 32692M
 Large Page Support: Disabled
 NUMA Support: Disabled
 Compressed Oops: Enabled (Zero based)
 Heap Region Size: 4M
 Heap Min Capacity: 8M
 Heap Initial Capacity: 512M
 Heap Max Capacity: 8176M
 Pre-touch: Disabled
 Parallel Workers: 10
 Concurrent Workers: 3
 Concurrent Refinement Workers: 10
 Periodic GC: Disabled

Heap:
 garbage-first heap   total 524288K, used 210447K [0x0000000601000000, 0x0000000800000000)
  region size 4096K, 44 young (180224K), 1 survivors (4096K)
 Metaspace       used 19268K, committed 19584K, reserved 1114112K
  class space    used 2112K, committed 2240K, reserved 1048576K

Heap Regions: E=young(eden), S=young(survivor), O=old, HS=humongous(starts), HC=humongous(continues), CS=collection set, F=free, TAMS=top-at-mark-start, PB=parsable bottom
|   0|0x0000000601000000, 0x00000006013c1ea8, 0x0000000601400000| 93%| O|  |TAMS 0x0000000601000000| PB 0x0000000601000000| Untracked 
|   1|0x0000000601400000, 0x0000000601800000, 0x0000000601800000|100%|HS|  |TAMS 0x0000000601400000| PB 0x0000000601400000| Complete 
|   2|0x0000000601800000, 0x0000000601c00000, 0x0000000601c00000|100%|HC|  |TAMS 0x0000000601800000| PB 0x0000000601800000| Complete 
|   3|0x0000000601c00000, 0x0000000602000000, 0x0000000602000000|100%|HS|  |TAMS 0x0000000601c00000| PB 0x0000000601c00000| Complete 
|   4|0x0000000602000000, 0x0000000602400000, 0x0000000602400000|100%|HC|  |TAMS 0x0000000602000000| PB 0x0000000602000000| Complete 
|   5|0x0000000602400000, 0x0000000602800000, 0x0000000602800000|100%|HC|  |TAMS 0x0000000602400000| PB 0x0000000602400000| Complete 
|   6|0x0000000602800000, 0x0000000602c00000, 0x0000000602c00000|100%|HS|  |TAMS 0x0000000602800000| PB 0x0000000602800000| Complete 
|   7|0x0000000602c00000, 0x0000000603000000, 0x0000000603000000|100%|HC|  |TAMS 0x0000000602c00000| PB 0x0000000602c00000| Complete 
|   8|0x0000000603000000, 0x0000000603400000, 0x0000000603400000|100%|HC|  |TAMS 0x0000000603000000| PB 0x0000000603000000| Complete 
|   9|0x0000000603400000, 0x0000000603400000, 0x0000000603800000|  0%| F|  |TAMS 0x0000000603400000| PB 0x0000000603400000| Untracked 
|  10|0x0000000603800000, 0x0000000603800000, 0x0000000603c00000|  0%| F|  |TAMS 0x0000000603800000| PB 0x0000000603800000| Untracked 
|  11|0x0000000603c00000, 0x0000000603c00000, 0x0000000604000000|  0%| F|  |TAMS 0x0000000603c00000| PB 0x0000000603c00000| Untracked 
|  12|0x0000000604000000, 0x0000000604000000, 0x0000000604400000|  0%| F|  |TAMS 0x0000000604000000| PB 0x0000000604000000| Untracked 
|  13|0x0000000604400000, 0x0000000604400000, 0x0000000604800000|  0%| F|  |TAMS 0x0000000604400000| PB 0x0000000604400000| Untracked 
|  14|0x0000000604800000, 0x0000000604800000, 0x0000000604c00000|  0%| F|  |TAMS 0x0000000604800000| PB 0x0000000604800000| Untracked 
|  15|0x0000000604c00000, 0x0000000604c00000, 0x0000000605000000|  0%| F|  |TAMS 0x0000000604c00000| PB 0x0000000604c00000| Untracked 
|  16|0x0000000605000000, 0x0000000605000000, 0x0000000605400000|  0%| F|  |TAMS 0x0000000605000000| PB 0x0000000605000000| Untracked 
|  17|0x0000000605400000, 0x0000000605400000, 0x0000000605800000|  0%| F|  |TAMS 0x0000000605400000| PB 0x0000000605400000| Untracked 
|  18|0x0000000605800000, 0x0000000605800000, 0x0000000605c00000|  0%| F|  |TAMS 0x0000000605800000| PB 0x0000000605800000| Untracked 
|  19|0x0000000605c00000, 0x0000000605c00000, 0x0000000606000000|  0%| F|  |TAMS 0x0000000605c00000| PB 0x0000000605c00000| Untracked 
|  20|0x0000000606000000, 0x0000000606000000, 0x0000000606400000|  0%| F|  |TAMS 0x0000000606000000| PB 0x0000000606000000| Untracked 
|  21|0x0000000606400000, 0x0000000606400000, 0x0000000606800000|  0%| F|  |TAMS 0x0000000606400000| PB 0x0000000606400000| Untracked 
|  22|0x0000000606800000, 0x0000000606800000, 0x0000000606c00000|  0%| F|  |TAMS 0x0000000606800000| PB 0x0000000606800000| Untracked 
|  23|0x0000000606c00000, 0x0000000606c00000, 0x0000000607000000|  0%| F|  |TAMS 0x0000000606c00000| PB 0x0000000606c00000| Untracked 
|  24|0x0000000607000000, 0x0000000607000000, 0x0000000607400000|  0%| F|  |TAMS 0x0000000607000000| PB 0x0000000607000000| Untracked 
|  25|0x0000000607400000, 0x0000000607400000, 0x0000000607800000|  0%| F|  |TAMS 0x0000000607400000| PB 0x0000000607400000| Untracked 
|  26|0x0000000607800000, 0x0000000607800000, 0x0000000607c00000|  0%| F|  |TAMS 0x0000000607800000| PB 0x0000000607800000| Untracked 
|  27|0x0000000607c00000, 0x0000000607c00000, 0x0000000608000000|  0%| F|  |TAMS 0x0000000607c00000| PB 0x0000000607c00000| Untracked 
|  28|0x0000000608000000, 0x0000000608000000, 0x0000000608400000|  0%| F|  |TAMS 0x0000000608000000| PB 0x0000000608000000| Untracked 
|  29|0x0000000608400000, 0x0000000608400000, 0x0000000608800000|  0%| F|  |TAMS 0x0000000608400000| PB 0x0000000608400000| Untracked 
|  30|0x0000000608800000, 0x0000000608800000, 0x0000000608c00000|  0%| F|  |TAMS 0x0000000608800000| PB 0x0000000608800000| Untracked 
|  31|0x0000000608c00000, 0x0000000608c00000, 0x0000000609000000|  0%| F|  |TAMS 0x0000000608c00000| PB 0x0000000608c00000| Untracked 
|  32|0x0000000609000000, 0x0000000609000000, 0x0000000609400000|  0%| F|  |TAMS 0x0000000609000000| PB 0x0000000609000000| Untracked 
|  33|0x0000000609400000, 0x0000000609400000, 0x0000000609800000|  0%| F|  |TAMS 0x0000000609400000| PB 0x0000000609400000| Untracked 
|  34|0x0000000609800000, 0x0000000609800000, 0x0000000609c00000|  0%| F|  |TAMS 0x0000000609800000| PB 0x0000000609800000| Untracked 
|  35|0x0000000609c00000, 0x0000000609c00000, 0x000000060a000000|  0%| F|  |TAMS 0x0000000609c00000| PB 0x0000000609c00000| Untracked 
|  36|0x000000060a000000, 0x000000060a000000, 0x000000060a400000|  0%| F|  |TAMS 0x000000060a000000| PB 0x000000060a000000| Untracked 
|  37|0x000000060a400000, 0x000000060a400000, 0x000000060a800000|  0%| F|  |TAMS 0x000000060a400000| PB 0x000000060a400000| Untracked 
|  38|0x000000060a800000, 0x000000060a800000, 0x000000060ac00000|  0%| F|  |TAMS 0x000000060a800000| PB 0x000000060a800000| Untracked 
|  39|0x000000060ac00000, 0x000000060ac00000, 0x000000060b000000|  0%| F|  |TAMS 0x000000060ac00000| PB 0x000000060ac00000| Untracked 
|  40|0x000000060b000000, 0x000000060b000000, 0x000000060b400000|  0%| F|  |TAMS 0x000000060b000000| PB 0x000000060b000000| Untracked 
|  41|0x000000060b400000, 0x000000060b400000, 0x000000060b800000|  0%| F|  |TAMS 0x000000060b400000| PB 0x000000060b400000| Untracked 
|  42|0x000000060b800000, 0x000000060b800000, 0x000000060bc00000|  0%| F|  |TAMS 0x000000060b800000| PB 0x000000060b800000| Untracked 
|  43|0x000000060bc00000, 0x000000060bc00000, 0x000000060c000000|  0%| F|  |TAMS 0x000000060bc00000| PB 0x000000060bc00000| Untracked 
|  44|0x000000060c000000, 0x000000060c000000, 0x000000060c400000|  0%| F|  |TAMS 0x000000060c000000| PB 0x000000060c000000| Untracked 
|  45|0x000000060c400000, 0x000000060c400000, 0x000000060c800000|  0%| F|  |TAMS 0x000000060c400000| PB 0x000000060c400000| Untracked 
|  46|0x000000060c800000, 0x000000060c800000, 0x000000060cc00000|  0%| F|  |TAMS 0x000000060c800000| PB 0x000000060c800000| Untracked 
|  47|0x000000060cc00000, 0x000000060cc00000, 0x000000060d000000|  0%| F|  |TAMS 0x000000060cc00000| PB 0x000000060cc00000| Untracked 
|  48|0x000000060d000000, 0x000000060d000000, 0x000000060d400000|  0%| F|  |TAMS 0x000000060d000000| PB 0x000000060d000000| Untracked 
|  49|0x000000060d400000, 0x000000060d400000, 0x000000060d800000|  0%| F|  |TAMS 0x000000060d400000| PB 0x000000060d400000| Untracked 
|  50|0x000000060d800000, 0x000000060d800000, 0x000000060dc00000|  0%| F|  |TAMS 0x000000060d800000| PB 0x000000060d800000| Untracked 
|  51|0x000000060dc00000, 0x000000060dc00000, 0x000000060e000000|  0%| F|  |TAMS 0x000000060dc00000| PB 0x000000060dc00000| Untracked 
|  52|0x000000060e000000, 0x000000060e000000, 0x000000060e400000|  0%| F|  |TAMS 0x000000060e000000| PB 0x000000060e000000| Untracked 
|  53|0x000000060e400000, 0x000000060e400000, 0x000000060e800000|  0%| F|  |TAMS 0x000000060e400000| PB 0x000000060e400000| Untracked 
|  54|0x000000060e800000, 0x000000060e800000, 0x000000060ec00000|  0%| F|  |TAMS 0x000000060e800000| PB 0x000000060e800000| Untracked 
|  55|0x000000060ec00000, 0x000000060ec00000, 0x000000060f000000|  0%| F|  |TAMS 0x000000060ec00000| PB 0x000000060ec00000| Untracked 
|  56|0x000000060f000000, 0x000000060f000000, 0x000000060f400000|  0%| F|  |TAMS 0x000000060f000000| PB 0x000000060f000000| Untracked 
|  57|0x000000060f400000, 0x000000060f400000, 0x000000060f800000|  0%| F|  |TAMS 0x000000060f400000| PB 0x000000060f400000| Untracked 
|  58|0x000000060f800000, 0x000000060f800000, 0x000000060fc00000|  0%| F|  |TAMS 0x000000060f800000| PB 0x000000060f800000| Untracked 
|  59|0x000000060fc00000, 0x000000060fc00000, 0x0000000610000000|  0%| F|  |TAMS 0x000000060fc00000| PB 0x000000060fc00000| Untracked 
|  60|0x0000000610000000, 0x0000000610000000, 0x0000000610400000|  0%| F|  |TAMS 0x0000000610000000| PB 0x0000000610000000| Untracked 
|  61|0x0000000610400000, 0x0000000610400000, 0x0000000610800000|  0%| F|  |TAMS 0x0000000610400000| PB 0x0000000610400000| Untracked 
|  62|0x0000000610800000, 0x0000000610800000, 0x0000000610c00000|  0%| F|  |TAMS 0x0000000610800000| PB 0x0000000610800000| Untracked 
|  63|0x0000000610c00000, 0x0000000610c00000, 0x0000000611000000|  0%| F|  |TAMS 0x0000000610c00000| PB 0x0000000610c00000| Untracked 
|  64|0x0000000611000000, 0x0000000611000000, 0x0000000611400000|  0%| F|  |TAMS 0x0000000611000000| PB 0x0000000611000000| Untracked 
|  65|0x0000000611400000, 0x0000000611400000, 0x0000000611800000|  0%| F|  |TAMS 0x0000000611400000| PB 0x0000000611400000| Untracked 
|  66|0x0000000611800000, 0x0000000611800000, 0x0000000611c00000|  0%| F|  |TAMS 0x0000000611800000| PB 0x0000000611800000| Untracked 
|  67|0x0000000611c00000, 0x0000000611c00000, 0x0000000612000000|  0%| F|  |TAMS 0x0000000611c00000| PB 0x0000000611c00000| Untracked 
|  68|0x0000000612000000, 0x0000000612000000, 0x0000000612400000|  0%| F|  |TAMS 0x0000000612000000| PB 0x0000000612000000| Untracked 
|  69|0x0000000612400000, 0x0000000612400000, 0x0000000612800000|  0%| F|  |TAMS 0x0000000612400000| PB 0x0000000612400000| Untracked 
|  70|0x0000000612800000, 0x0000000612800000, 0x0000000612c00000|  0%| F|  |TAMS 0x0000000612800000| PB 0x0000000612800000| Untracked 
|  71|0x0000000612c00000, 0x0000000612c00000, 0x0000000613000000|  0%| F|  |TAMS 0x0000000612c00000| PB 0x0000000612c00000| Untracked 
|  72|0x0000000613000000, 0x0000000613000000, 0x0000000613400000|  0%| F|  |TAMS 0x0000000613000000| PB 0x0000000613000000| Untracked 
|  73|0x0000000613400000, 0x0000000613400000, 0x0000000613800000|  0%| F|  |TAMS 0x0000000613400000| PB 0x0000000613400000| Untracked 
|  74|0x0000000613800000, 0x0000000613800000, 0x0000000613c00000|  0%| F|  |TAMS 0x0000000613800000| PB 0x0000000613800000| Untracked 
|  75|0x0000000613c00000, 0x0000000613c00000, 0x0000000614000000|  0%| F|  |TAMS 0x0000000613c00000| PB 0x0000000613c00000| Untracked 
|  76|0x0000000614000000, 0x0000000614000000, 0x0000000614400000|  0%| F|  |TAMS 0x0000000614000000| PB 0x0000000614000000| Untracked 
|  77|0x0000000614400000, 0x0000000614400000, 0x0000000614800000|  0%| F|  |TAMS 0x0000000614400000| PB 0x0000000614400000| Untracked 
|  78|0x0000000614800000, 0x0000000614800000, 0x0000000614c00000|  0%| F|  |TAMS 0x0000000614800000| PB 0x0000000614800000| Untracked 
|  79|0x0000000614c00000, 0x0000000614c00000, 0x0000000615000000|  0%| F|  |TAMS 0x0000000614c00000| PB 0x0000000614c00000| Untracked 
|  80|0x0000000615000000, 0x0000000615000000, 0x0000000615400000|  0%| F|  |TAMS 0x0000000615000000| PB 0x0000000615000000| Untracked 
|  81|0x0000000615400000, 0x0000000615400000, 0x0000000615800000|  0%| F|  |TAMS 0x0000000615400000| PB 0x0000000615400000| Untracked 
|  82|0x0000000615800000, 0x0000000615800000, 0x0000000615c00000|  0%| F|  |TAMS 0x0000000615800000| PB 0x0000000615800000| Untracked 
|  83|0x0000000615c00000, 0x0000000615c00000, 0x0000000616000000|  0%| F|  |TAMS 0x0000000615c00000| PB 0x0000000615c00000| Untracked 
|  84|0x0000000616000000, 0x000000061622c9e0, 0x0000000616400000| 54%| E|  |TAMS 0x0000000616000000| PB 0x0000000616000000| Complete 
|  85|0x0000000616400000, 0x0000000616800000, 0x0000000616800000|100%| E|CS|TAMS 0x0000000616400000| PB 0x0000000616400000| Complete 
|  86|0x0000000616800000, 0x0000000616c00000, 0x0000000616c00000|100%| E|CS|TAMS 0x0000000616800000| PB 0x0000000616800000| Complete 
|  87|0x0000000616c00000, 0x0000000617000000, 0x0000000617000000|100%| E|CS|TAMS 0x0000000616c00000| PB 0x0000000616c00000| Complete 
|  88|0x0000000617000000, 0x0000000617400000, 0x0000000617400000|100%| E|CS|TAMS 0x0000000617000000| PB 0x0000000617000000| Complete 
|  89|0x0000000617400000, 0x0000000617800000, 0x0000000617800000|100%| E|CS|TAMS 0x0000000617400000| PB 0x0000000617400000| Complete 
|  90|0x0000000617800000, 0x0000000617c00000, 0x0000000617c00000|100%| E|CS|TAMS 0x0000000617800000| PB 0x0000000617800000| Complete 
|  91|0x0000000617c00000, 0x0000000618000000, 0x0000000618000000|100%| E|CS|TAMS 0x0000000617c00000| PB 0x0000000617c00000| Complete 
|  92|0x0000000618000000, 0x0000000618400000, 0x0000000618400000|100%| E|CS|TAMS 0x0000000618000000| PB 0x0000000618000000| Complete 
|  93|0x0000000618400000, 0x0000000618800000, 0x0000000618800000|100%| E|CS|TAMS 0x0000000618400000| PB 0x0000000618400000| Complete 
|  94|0x0000000618800000, 0x0000000618c00000, 0x0000000618c00000|100%| E|CS|TAMS 0x0000000618800000| PB 0x0000000618800000| Complete 
|  95|0x0000000618c00000, 0x0000000619000000, 0x0000000619000000|100%| E|CS|TAMS 0x0000000618c00000| PB 0x0000000618c00000| Complete 
|  96|0x0000000619000000, 0x0000000619400000, 0x0000000619400000|100%| E|CS|TAMS 0x0000000619000000| PB 0x0000000619000000| Complete 
|  97|0x0000000619400000, 0x0000000619800000, 0x0000000619800000|100%| E|CS|TAMS 0x0000000619400000| PB 0x0000000619400000| Complete 
|  98|0x0000000619800000, 0x0000000619c00000, 0x0000000619c00000|100%| E|CS|TAMS 0x0000000619800000| PB 0x0000000619800000| Complete 
|  99|0x0000000619c00000, 0x000000061a000000, 0x000000061a000000|100%| E|CS|TAMS 0x0000000619c00000| PB 0x0000000619c00000| Complete 
| 100|0x000000061a000000, 0x000000061a400000, 0x000000061a400000|100%| E|CS|TAMS 0x000000061a000000| PB 0x000000061a000000| Complete 
| 101|0x000000061a400000, 0x000000061a800000, 0x000000061a800000|100%| E|CS|TAMS 0x000000061a400000| PB 0x000000061a400000| Complete 
| 102|0x000000061a800000, 0x000000061ac00000, 0x000000061ac00000|100%| E|CS|TAMS 0x000000061a800000| PB 0x000000061a800000| Complete 
| 103|0x000000061ac00000, 0x000000061b000000, 0x000000061b000000|100%| E|CS|TAMS 0x000000061ac00000| PB 0x000000061ac00000| Complete 
| 104|0x000000061b000000, 0x000000061b400000, 0x000000061b400000|100%| E|CS|TAMS 0x000000061b000000| PB 0x000000061b000000| Complete 
| 105|0x000000061b400000, 0x000000061b800000, 0x000000061b800000|100%| E|CS|TAMS 0x000000061b400000| PB 0x000000061b400000| Complete 
| 106|0x000000061b800000, 0x000000061bc00000, 0x000000061bc00000|100%| E|CS|TAMS 0x000000061b800000| PB 0x000000061b800000| Complete 
| 107|0x000000061bc00000, 0x000000061c000000, 0x000000061c000000|100%| E|CS|TAMS 0x000000061bc00000| PB 0x000000061bc00000| Complete 
| 108|0x000000061c000000, 0x000000061c400000, 0x000000061c400000|100%| E|CS|TAMS 0x000000061c000000| PB 0x000000061c000000| Complete 
| 109|0x000000061c400000, 0x000000061c800000, 0x000000061c800000|100%| E|CS|TAMS 0x000000061c400000| PB 0x000000061c400000| Complete 
| 110|0x000000061c800000, 0x000000061cc00000, 0x000000061cc00000|100%| E|CS|TAMS 0x000000061c800000| PB 0x000000061c800000| Complete 
| 111|0x000000061cc00000, 0x000000061d000000, 0x000000061d000000|100%| E|CS|TAMS 0x000000061cc00000| PB 0x000000061cc00000| Complete 
| 112|0x000000061d000000, 0x000000061d400000, 0x000000061d400000|100%| E|CS|TAMS 0x000000061d000000| PB 0x000000061d000000| Complete 
| 113|0x000000061d400000, 0x000000061d800000, 0x000000061d800000|100%| E|CS|TAMS 0x000000061d400000| PB 0x000000061d400000| Complete 
| 114|0x000000061d800000, 0x000000061dc00000, 0x000000061dc00000|100%| E|CS|TAMS 0x000000061d800000| PB 0x000000061d800000| Complete 
| 115|0x000000061dc00000, 0x000000061e000000, 0x000000061e000000|100%| E|CS|TAMS 0x000000061dc00000| PB 0x000000061dc00000| Complete 
| 116|0x000000061e000000, 0x000000061e400000, 0x000000061e400000|100%| E|CS|TAMS 0x000000061e000000| PB 0x000000061e000000| Complete 
| 117|0x000000061e400000, 0x000000061e800000, 0x000000061e800000|100%| E|CS|TAMS 0x000000061e400000| PB 0x000000061e400000| Complete 
| 118|0x000000061e800000, 0x000000061ec00000, 0x000000061ec00000|100%| E|CS|TAMS 0x000000061e800000| PB 0x000000061e800000| Complete 
| 119|0x000000061ec00000, 0x000000061edc1df0, 0x000000061f000000| 43%| S|CS|TAMS 0x000000061ec00000| PB 0x000000061ec00000| Complete 
| 120|0x000000061f000000, 0x000000061f400000, 0x000000061f400000|100%| E|CS|TAMS 0x000000061f000000| PB 0x000000061f000000| Complete 
| 121|0x000000061f400000, 0x000000061f800000, 0x000000061f800000|100%| E|CS|TAMS 0x000000061f400000| PB 0x000000061f400000| Complete 
| 122|0x000000061f800000, 0x000000061fc00000, 0x000000061fc00000|100%| E|CS|TAMS 0x000000061f800000| PB 0x000000061f800000| Complete 
| 123|0x000000061fc00000, 0x0000000620000000, 0x0000000620000000|100%| E|CS|TAMS 0x000000061fc00000| PB 0x000000061fc00000| Complete 
| 124|0x0000000620000000, 0x0000000620400000, 0x0000000620400000|100%| E|CS|TAMS 0x0000000620000000| PB 0x0000000620000000| Complete 
| 125|0x0000000620400000, 0x0000000620800000, 0x0000000620800000|100%| E|CS|TAMS 0x0000000620400000| PB 0x0000000620400000| Complete 
| 126|0x0000000620800000, 0x0000000620c00000, 0x0000000620c00000|100%| E|CS|TAMS 0x0000000620800000| PB 0x0000000620800000| Complete 
| 127|0x0000000620c00000, 0x0000000621000000, 0x0000000621000000|100%| E|CS|TAMS 0x0000000620c00000| PB 0x0000000620c00000| Complete 

Card table byte_map: [0x000001eea2520000,0x000001eea3520000] _byte_map_base: 0x000001ee9f518000

Marking Bits: (CMBitMap*) 0x000001ee89c0dc60
 Bits: [0x000001eea3520000, 0x000001eeab4e0000)

Polling page: 0x000001ee89330000

Metaspace:

Usage:
  Non-class:     16.75 MB used.
      Class:      2.06 MB used.
       Both:     18.82 MB used.

Virtual space:
  Non-class space:       64.00 MB reserved,      16.94 MB ( 26%) committed,  1 nodes.
      Class space:        1.00 GB reserved,       2.19 MB ( <1%) committed,  1 nodes.
             Both:        1.06 GB reserved,      19.12 MB (  2%) committed. 

Chunk freelists:
   Non-Class:  14.63 MB
       Class:  13.72 MB
        Both:  28.35 MB

MaxMetaspaceSize: unlimited
CompressedClassSpaceSize: 1.00 GB
Initial GC threshold: 21.00 MB
Current GC threshold: 21.00 MB
CDS: on
 - commit_granule_bytes: 65536.
 - commit_granule_words: 8192.
 - virtual_space_node_default_size: 8388608.
 - enlarge_chunks_in_place: 1.
 - use_allocation_guard: 0.


Internal statistics:

num_allocs_failed_limit: 0.
num_arena_births: 192.
num_arena_deaths: 0.
num_vsnodes_births: 2.
num_vsnodes_deaths: 0.
num_space_committed: 306.
num_space_uncommitted: 0.
num_chunks_returned_to_freelist: 0.
num_chunks_taken_from_freelist: 840.
num_chunk_merges: 0.
num_chunk_splits: 592.
num_chunks_enlarged: 465.
num_inconsistent_stats: 0.

CodeHeap 'non-profiled nmethods': size=120000Kb used=2766Kb max_used=2766Kb free=117233Kb
 bounds [0x000001ee99aa0000, 0x000001ee99d60000, 0x000001eea0fd0000]
CodeHeap 'profiled nmethods': size=120000Kb used=10723Kb max_used=10723Kb free=109276Kb
 bounds [0x000001ee91fd0000, 0x000001ee92a50000, 0x000001ee99500000]
CodeHeap 'non-nmethods': size=5760Kb used=1426Kb max_used=1504Kb free=4333Kb
 bounds [0x000001ee99500000, 0x000001ee99770000, 0x000001ee99aa0000]
 total_blobs=5549 nmethods=5037 adapters=415
 compilation: enabled
              stopped_count=0, restarted_count=0
 full_count=0

Compilation events (20 events):
Event: 3.003 Thread 0x000001eeae1c44c0 4972       3       org.eclipse.aether.resolution.VersionRangeResult::setVersionConstraint (7 bytes)
Event: 3.003 Thread 0x000001eeae1c44c0 nmethod 4972 0x000001ee92a23390 code [0x000001ee92a23520, 0x000001ee92a23680]
Event: 3.003 Thread 0x000001eeae1c44c0 4973       3       org.eclipse.aether.resolution.VersionRangeResult::addVersion (36 bytes)
Event: 3.003 Thread 0x000001eeae1c44c0 nmethod 4973 0x000001ee92a23710 code [0x000001ee92a23900, 0x000001ee92a23ec8]
Event: 3.003 Thread 0x000001eeaea002f0 nmethod 4947 0x000001ee99d4dd90 code [0x000001ee99d4df20, 0x000001ee99d4e098]
Event: 3.008 Thread 0x000001eeaea002f0 4974       4       java.nio.Buffer::<init> (105 bytes)
Event: 3.008 Thread 0x000001eeae1c44c0 4975       3       org.apache.maven.model.io.xpp3.MavenXpp3Reader::<init> (12 bytes)
Event: 3.008 Thread 0x000001eeae1c44c0 nmethod 4975 0x000001ee92a24090 code [0x000001ee92a24260, 0x000001ee92a245a8]
Event: 3.008 Thread 0x000001eeae1c44c0 4976       3       org.apache.maven.model.io.xpp3.MavenXpp3Reader$1::<init> (5 bytes)
Event: 3.008 Thread 0x000001eeae1c44c0 nmethod 4976 0x000001ee92a24710 code [0x000001ee92a248c0, 0x000001ee92a24a28]
Event: 3.009 Thread 0x000001eeae1c44c0 4977       3       java.lang.invoke.LambdaForm$MH/0x000001eeb0214400::invoke (42 bytes)
Event: 3.010 Thread 0x000001eeae1c44c0 nmethod 4977 0x000001ee92a24b10 code [0x000001ee92a24d40, 0x000001ee92a25648]
Event: 3.010 Thread 0x000001eeae1c44c0 4978   !   3       org.eclipse.aether.internal.impl.collect.DependencyCollectorDelegate::filterVersions (188 bytes)
Event: 3.010 Thread 0x000001eeaea002f0 nmethod 4974 0x000001ee99d4e110 code [0x000001ee99d4e2c0, 0x000001ee99d4e680]
Event: 3.012 Thread 0x000001eeae1c44c0 nmethod 4978 0x000001ee92a25890 code [0x000001ee92a25d60, 0x000001ee92a27ef8]
Event: 3.013 Thread 0x000001eeae1c44c0 4983       3       java.io.PrintStream::implWrite (50 bytes)
Event: 3.013 Thread 0x000001eeae1c44c0 nmethod 4983 0x000001ee92a28c10 code [0x000001ee92a28e60, 0x000001ee92a296a0]
Event: 3.013 Thread 0x000001eeae1c44c0 4984       3       java.io.PrintStream::implNewLine (40 bytes)
Event: 3.014 Thread 0x000001eeae1c44c0 nmethod 4984 0x000001ee92a29a10 code [0x000001ee92a29c60, 0x000001ee92a2a498]
Event: 3.014 Thread 0x000001eeae1c44c0 4982       3       org.apache.maven.model.interpolation.StringVisitorModelInterpolator$ModelVisitor::visit (42 bytes)

GC Heap History (4 events):
Event: 0.616 GC heap before
{Heap before GC invocations=0 (full 0):
 garbage-first heap   total 524288K, used 24576K [0x0000000601000000, 0x0000000800000000)
  region size 4096K, 6 young (24576K), 0 survivors (0K)
 Metaspace       used 6130K, committed 6272K, reserved 1114112K
  class space    used 698K, committed 768K, reserved 1048576K
}
Event: 0.620 GC heap after
{Heap after GC invocations=1 (full 0):
 garbage-first heap   total 524288K, used 4096K [0x0000000601000000, 0x0000000800000000)
  region size 4096K, 1 young (4096K), 1 survivors (4096K)
 Metaspace       used 6130K, committed 6272K, reserved 1114112K
  class space    used 698K, committed 768K, reserved 1048576K
}
Event: 1.080 GC heap before
{Heap before GC invocations=1 (full 0):
 garbage-first heap   total 524288K, used 32768K [0x0000000601000000, 0x0000000800000000)
  region size 4096K, 8 young (32768K), 1 survivors (4096K)
 Metaspace       used 10017K, committed 10240K, reserved 1114112K
  class space    used 1161K, committed 1280K, reserved 1048576K
}
Event: 1.083 GC heap after
{Heap after GC invocations=2 (full 0):
 garbage-first heap   total 524288K, used 5647K [0x0000000601000000, 0x0000000800000000)
  region size 4096K, 1 young (4096K), 1 survivors (4096K)
 Metaspace       used 10017K, committed 10240K, reserved 1114112K
  class space    used 1161K, committed 1280K, reserved 1048576K
}

Dll operation events (12 events):
Event: 0.007 Loaded shared library C:\Program Files\Java\jdk-21\bin\java.dll
Event: 0.032 Loaded shared library C:\Program Files\Java\jdk-21\bin\jsvml.dll
Event: 0.058 Loaded shared library C:\Program Files\Java\jdk-21\bin\zip.dll
Event: 0.061 Loaded shared library C:\Program Files\Java\jdk-21\bin\instrument.dll
Event: 0.064 Loaded shared library C:\Program Files\Java\jdk-21\bin\net.dll
Event: 0.066 Loaded shared library C:\Program Files\Java\jdk-21\bin\nio.dll
Event: 0.068 Loaded shared library C:\Program Files\Java\jdk-21\bin\zip.dll
Event: 0.078 Loaded shared library C:\Users\user\AppData\Local\Programs\IntelliJ IDEA Ultimate 2024.1.2\bin\breakgen64.dll
Event: 0.085 Loaded shared library C:\Program Files\Java\jdk-21\bin\extnet.dll
Event: 0.153 Loaded shared library C:\Program Files\Java\jdk-21\bin\jimage.dll
Event: 0.180 Loaded shared library C:\Users\user\AppData\Local\Temp\jansi-2.4.0-9368d6ac35fb1d9a-jansi.dll
Event: 0.188 Loaded shared library C:\Program Files\Java\jdk-21\bin\verify.dll

Deoptimization events (20 events):
Event: 2.823 Thread 0x000001ee87956250 Uncommon trap: trap_request=0xffffffd6 fr.pc=0x000001ee99d15ad0 relative=0x0000000000000410
Event: 2.823 Thread 0x000001ee87956250 Uncommon trap: reason=array_check action=maybe_recompile pc=0x000001ee99d15ad0 method=java.util.LinkedHashMap.valuesToArray([Ljava/lang/Object;Z)[Ljava/lang/Object; @ 67 c2
Event: 2.823 Thread 0x000001ee87956250 DEOPT PACKING pc=0x000001ee99d15ad0 sp=0x00000093868fc980
Event: 2.823 Thread 0x000001ee87956250 DEOPT UNPACKING pc=0x000001ee995546a2 sp=0x00000093868fc920 mode 2
Event: 2.859 Thread 0x000001ee87956250 Uncommon trap: trap_request=0xffffffc6 fr.pc=0x000001ee99b29398 relative=0x00000000000003b8
Event: 2.859 Thread 0x000001ee87956250 Uncommon trap: reason=bimorphic_or_optimized_type_check action=maybe_recompile pc=0x000001ee99b29398 method=java.nio.Buffer.<init>(IIIILjava/lang/foreign/MemorySegment;)V @ 39 c2
Event: 2.859 Thread 0x000001ee87956250 DEOPT PACKING pc=0x000001ee99b29398 sp=0x00000093868f8030
Event: 2.859 Thread 0x000001ee87956250 DEOPT UNPACKING pc=0x000001ee995546a2 sp=0x00000093868f7fd8 mode 2
Event: 2.904 Thread 0x000001ee87956250 DEOPT PACKING pc=0x000001ee9231357e sp=0x00000093868fd810
Event: 2.904 Thread 0x000001ee87956250 DEOPT UNPACKING pc=0x000001ee99554e42 sp=0x00000093868fcd90 mode 0
Event: 2.911 Thread 0x000001ee87956250 Uncommon trap: trap_request=0xffffff76 fr.pc=0x000001ee99bb9ad4 relative=0x0000000000000c94
Event: 2.911 Thread 0x000001ee87956250 Uncommon trap: reason=predicate action=maybe_recompile pc=0x000001ee99bb9ad4 method=java.util.TimSort.binarySort([Ljava/lang/Object;IIILjava/util/Comparator;)V @ 73 c2
Event: 2.911 Thread 0x000001ee87956250 DEOPT PACKING pc=0x000001ee99bb9ad4 sp=0x00000093868fd890
Event: 2.911 Thread 0x000001ee87956250 DEOPT UNPACKING pc=0x000001ee995546a2 sp=0x00000093868fd860 mode 2
Event: 2.925 Thread 0x000001ee87956250 Uncommon trap: trap_request=0xffffff45 fr.pc=0x000001ee99d32438 relative=0x0000000000000098
Event: 2.925 Thread 0x000001ee87956250 Uncommon trap: reason=unstable_if action=reinterpret pc=0x000001ee99d32438 method=java.util.Spliterator.getExactSizeIfKnown()J @ 9 c2
Event: 2.925 Thread 0x000001ee87956250 DEOPT PACKING pc=0x000001ee99d32438 sp=0x00000093868fd990
Event: 2.925 Thread 0x000001ee87956250 DEOPT UNPACKING pc=0x000001ee995546a2 sp=0x00000093868fd920 mode 2
Event: 2.938 Thread 0x000001ee87956250 DEOPT PACKING pc=0x000001ee9231357e sp=0x00000093868fd820
Event: 2.938 Thread 0x000001ee87956250 DEOPT UNPACKING pc=0x000001ee99554e42 sp=0x00000093868fcda0 mode 0

Classes loaded (20 events):
Event: 2.923 Loading class java/nio/file/Files$AcceptAllFilter
Event: 2.923 Loading class java/nio/file/DirectoryStream$Filter
Event: 2.923 Loading class java/nio/file/DirectoryStream$Filter done
Event: 2.923 Loading class java/nio/file/Files$AcceptAllFilter done
Event: 2.923 Loading class sun/nio/fs/WindowsDirectoryStream
Event: 2.924 Loading class java/nio/file/DirectoryStream
Event: 2.924 Loading class java/nio/file/DirectoryStream done
Event: 2.924 Loading class sun/nio/fs/WindowsDirectoryStream done
Event: 2.924 Loading class java/nio/file/FileTreeWalker$DirectoryNode
Event: 2.924 Loading class java/nio/file/FileTreeWalker$DirectoryNode done
Event: 2.924 Loading class sun/nio/fs/WindowsDirectoryStream$WindowsDirectoryIterator
Event: 2.924 Loading class sun/nio/fs/WindowsDirectoryStream$WindowsDirectoryIterator done
Event: 2.924 Loading class java/nio/file/FileTreeWalker$Event
Event: 2.924 Loading class java/nio/file/FileTreeWalker$Event done
Event: 2.924 Loading class java/nio/file/FileTreeWalker$EventType
Event: 2.924 Loading class java/nio/file/FileTreeWalker$EventType done
Event: 2.925 Loading class sun/nio/fs/WindowsPath$WindowsPathWithAttributes
Event: 2.925 Loading class sun/nio/fs/BasicFileAttributesHolder
Event: 2.925 Loading class sun/nio/fs/BasicFileAttributesHolder done
Event: 2.925 Loading class sun/nio/fs/WindowsPath$WindowsPathWithAttributes done

Classes unloaded (0 events):
No events

Classes redefined (0 events):
No events

Internal exceptions (20 events):
Event: 1.239 Thread 0x000001ee87956250 Exception <a 'java/lang/NoSuchMethodError'{0x000000062049f170}: 'java.lang.Object java.lang.invoke.Invokers$Holder.invokeExact_MT(java.lang.Object, int, java.lang.Object)'> (0x000000062049f170) 
thrown [s\open\src\hotspot\share\interpreter\linkResolver.cpp, line 773]
Event: 1.390 Thread 0x000001ee87956250 Exception <a 'java/lang/NoSuchMethodError'{0x000000061fcd2438}: 'void java.lang.invoke.Invokers$Holder.invokeExact_MT(java.lang.Object, java.lang.Object, java.lang.Object, java.lang.Object)'> (0x000000061fcd2438) 
thrown [s\open\src\hotspot\share\interpreter\linkResolver.cpp, line 773]
Event: 1.402 Thread 0x000001ee87956250 Exception <a 'java/lang/NoClassDefFoundError'{0x000000061fd65f50}: com/google/inject/servlet/ServletModuleTargetVisitor> (0x000000061fd65f50) 
thrown [s\open\src\hotspot\share\classfile\systemDictionary.cpp, line 301]
Event: 1.450 Thread 0x000001ee87956250 Exception <a 'java/lang/NoSuchMethodError'{0x000000061f813030}: 'void java.lang.invoke.DirectMethodHandle$Holder.invokeVirtual(java.lang.Object, java.lang.Object)'> (0x000000061f813030) 
thrown [s\open\src\hotspot\share\interpreter\linkResolver.cpp, line 773]
Event: 1.476 Thread 0x000001ee87956250 Exception <a 'java/lang/NoSuchMethodError'{0x000000061f8a0ce8}: 'java.lang.Object java.lang.invoke.DirectMethodHandle$Holder.invokeStaticInit(java.lang.Object, int, int, int, int)'> (0x000000061f8a0ce8) 
thrown [s\open\src\hotspot\share\interpreter\linkResolver.cpp, line 773]
Event: 1.570 Thread 0x000001ee87956250 Implicit null exception at 0x000001ee99b916a4 to 0x000001ee99b91d38
Event: 1.570 Thread 0x000001ee87956250 Implicit null exception at 0x000001ee99aebaa0 to 0x000001ee99aec13c
Event: 1.653 Thread 0x000001ee87956250 Exception <a 'java/lang/NoSuchMethodError'{0x000000061f0fc7d0}: 'void java.lang.invoke.DirectMethodHandle$Holder.invokeVirtual(java.lang.Object, java.lang.Object, int)'> (0x000000061f0fc7d0) 
thrown [s\open\src\hotspot\share\interpreter\linkResolver.cpp, line 773]
Event: 1.653 Thread 0x000001ee87956250 Exception <a 'java/lang/NoSuchMethodError'{0x000000061f1037a0}: 'void java.lang.invoke.DelegatingMethodHandle$Holder.reinvoke_L(java.lang.Object, java.lang.Object, int)'> (0x000000061f1037a0) 
thrown [s\open\src\hotspot\share\interpreter\linkResolver.cpp, line 773]
Event: 1.955 Thread 0x000001ee87956250 Implicit null exception at 0x000001ee99bde380 to 0x000001ee99bdfd04
Event: 1.955 Thread 0x000001ee87956250 Implicit null exception at 0x000001ee99b78d40 to 0x000001ee99b78ff4
Event: 1.956 Thread 0x000001ee87956250 Implicit null exception at 0x000001ee99b7da0d to 0x000001ee99b7e3e0
Event: 2.473 Thread 0x000001ee87956250 Implicit null exception at 0x000001ee99b469c0 to 0x000001ee99b46a45
Event: 2.574 Thread 0x000001ee87956250 Exception <a 'java/lang/NoSuchMethodError'{0x0000000618f67ea0}: 'java.lang.Object java.lang.invoke.DirectMethodHandle$Holder.newInvokeSpecial(java.lang.Object, java.lang.Object, java.lang.Object, java.lang.Object, java.lang.Object, java.lang.Object, java.lang.Object)'> (0x0000000618f67ea0) 
thrown [s\open\src\hotspot\share\interpreter\linkResolver.cpp, line 773]
Event: 2.575 Thread 0x000001ee87956250 Implicit null exception at 0x000001ee99ccefb2 to 0x000001ee99ccfd44
Event: 2.678 Thread 0x000001ee87956250 Implicit null exception at 0x000001ee99cce0a0 to 0x000001ee99cce8b4
Event: 2.686 Thread 0x000001ee87956250 Exception <a 'java/lang/NoSuchMethodError'{0x0000000618109be0}: 'java.lang.Object java.lang.invoke.DirectMethodHandle$Holder.invokeVirtual(java.lang.Object, java.lang.Object, java.lang.Object)'> (0x0000000618109be0) 
thrown [s\open\src\hotspot\share\interpreter\linkResolver.cpp, line 773]
Event: 2.686 Thread 0x000001ee87956250 Exception <a 'java/lang/NoSuchMethodError'{0x0000000618110458}: 'void java.lang.invoke.DirectMethodHandle$Holder.invokeSpecial(java.lang.Object, java.lang.Object, java.lang.Object, java.lang.Object, java.lang.Object, java.lang.Object)'> (0x0000000618110458) 
thrown [s\open\src\hotspot\share\interpreter\linkResolver.cpp, line 773]
Event: 2.687 Thread 0x000001ee87956250 Exception <a 'java/lang/NoSuchMethodError'{0x000000061811ab90}: 'int java.lang.invoke.DirectMethodHandle$Holder.invokeVirtual(java.lang.Object, java.lang.Object)'> (0x000000061811ab90) 
thrown [s\open\src\hotspot\share\interpreter\linkResolver.cpp, line 773]
Event: 2.711 Thread 0x000001ee87956250 Exception <a 'java/lang/NoSuchMethodError'{0x00000006181f1fd0}: 'void java.lang.invoke.Invokers$Holder.invokeExact_MT(java.lang.Object, java.lang.Object, int, java.lang.Object)'> (0x00000006181f1fd0) 
thrown [s\open\src\hotspot\share\interpreter\linkResolver.cpp, line 773]

ZGC Phase Switch (0 events):
No events

VM Operations (20 events):
Event: 1.513 Executing VM operation: HandshakeAllThreads (Deoptimize)
Event: 1.513 Executing VM operation: HandshakeAllThreads (Deoptimize) done
Event: 1.544 Executing VM operation: HandshakeAllThreads (Deoptimize)
Event: 1.544 Executing VM operation: HandshakeAllThreads (Deoptimize) done
Event: 1.611 Executing VM operation: ICBufferFull
Event: 1.611 Executing VM operation: ICBufferFull done
Event: 1.895 Executing VM operation: ICBufferFull
Event: 1.895 Executing VM operation: ICBufferFull done
Event: 2.033 Executing VM operation: ICBufferFull
Event: 2.033 Executing VM operation: ICBufferFull done
Event: 2.233 Executing VM operation: ICBufferFull
Event: 2.233 Executing VM operation: ICBufferFull done
Event: 2.584 Executing VM operation: ICBufferFull
Event: 2.584 Executing VM operation: ICBufferFull done
Event: 2.858 Executing VM operation: HandshakeAllThreads (Deoptimize)
Event: 2.858 Executing VM operation: HandshakeAllThreads (Deoptimize) done
Event: 2.859 Executing VM operation: ICBufferFull
Event: 2.859 Executing VM operation: ICBufferFull done
Event: 2.926 Executing VM operation: HandshakeAllThreads (Deoptimize)
Event: 2.926 Executing VM operation: HandshakeAllThreads (Deoptimize) done

Events (14 events):
Event: 0.018 Thread 0x000001ee87956250 Thread added: 0x000001ee87956250
Event: 0.029 Thread 0x000001eeae1b0b00 Thread added: 0x000001eeae1b0b00
Event: 0.030 Thread 0x000001eeae1b2a30 Thread added: 0x000001eeae1b2a30
Event: 0.030 Thread 0x000001eeae1b5740 Thread added: 0x000001eeae1b5740
Event: 0.030 Thread 0x000001eeae1b8430 Thread added: 0x000001eeae1b8430
Event: 0.030 Thread 0x000001eeae1b9630 Thread added: 0x000001eeae1b9630
Event: 0.030 Thread 0x000001eeae1bc840 Thread added: 0x000001eeae1bc840
Event: 0.030 Thread 0x000001eeae1c3280 Thread added: 0x000001eeae1c3280
Event: 0.030 Thread 0x000001eeae1c44c0 Thread added: 0x000001eeae1c44c0
Event: 0.044 Thread 0x000001eead8ec3d0 Thread added: 0x000001eead8ec3d0
Event: 0.078 Thread 0x000001eeae3a4f60 Thread added: 0x000001eeae3a4f60
Event: 0.078 Thread 0x000001eeae3a55d0 Thread added: 0x000001eeae3a55d0
Event: 0.313 Thread 0x000001eeae9c5380 Thread added: 0x000001eeae9c5380
Event: 0.571 Thread 0x000001eeaea002f0 Thread added: 0x000001eeaea002f0


Dynamic libraries:
0x00007ff728c80000 - 0x00007ff728c90000 	C:\Program Files\Java\jdk-21\bin\java.exe
0x00007ffca3490000 - 0x00007ffca3688000 	C:\WINDOWS\SYSTEM32\ntdll.dll
0x00007ffc9c270000 - 0x00007ffc9c289000 	C:\Program Files\AVAST Software\Avast\aswhook.dll
0x00007ffca2300000 - 0x00007ffca23bd000 	C:\WINDOWS\System32\KERNEL32.DLL
0x00007ffca0cb0000 - 0x00007ffca0fa6000 	C:\WINDOWS\System32\KERNELBASE.dll
0x00007ffca12a0000 - 0x00007ffca13a0000 	C:\WINDOWS\System32\ucrtbase.dll
0x00007ffc99150000 - 0x00007ffc9916b000 	C:\Program Files\Java\jdk-21\bin\VCRUNTIME140.dll
0x00007ffc9b980000 - 0x00007ffc9b999000 	C:\Program Files\Java\jdk-21\bin\jli.dll
0x00007ffca1c60000 - 0x00007ffca1d10000 	C:\WINDOWS\System32\ADVAPI32.dll
0x00007ffca1e90000 - 0x00007ffca1f2e000 	C:\WINDOWS\System32\msvcrt.dll
0x00007ffca2c20000 - 0x00007ffca2cc0000 	C:\WINDOWS\System32\sechost.dll
0x00007ffca1ac0000 - 0x00007ffca1be3000 	C:\WINDOWS\System32\RPCRT4.dll
0x00007ffca0c80000 - 0x00007ffca0ca7000 	C:\WINDOWS\System32\bcrypt.dll
0x00007ffca2d20000 - 0x00007ffca2ebf000 	C:\WINDOWS\System32\USER32.dll
0x00007ffca0be0000 - 0x00007ffca0c02000 	C:\WINDOWS\System32\win32u.dll
0x00007ffca19e0000 - 0x00007ffca1a0b000 	C:\WINDOWS\System32\GDI32.dll
0x00007ffca13a0000 - 0x00007ffca14b7000 	C:\WINDOWS\System32\gdi32full.dll
0x00007ffc892e0000 - 0x00007ffc8957a000 	C:\WINDOWS\WinSxS\amd64_microsoft.windows.common-controls_6595b64144ccf1df_6.0.19041.3636_none_60b6a03d71f818d5\COMCTL32.dll
0x00007ffca0b40000 - 0x00007ffca0bdd000 	C:\WINDOWS\System32\msvcp_win.dll
0x00007ffc9a450000 - 0x00007ffc9a45a000 	C:\WINDOWS\SYSTEM32\VERSION.dll
0x00007ffca1700000 - 0x00007ffca1732000 	C:\WINDOWS\System32\IMM32.DLL
0x00007ffc9c3f0000 - 0x00007ffc9c3fc000 	C:\Program Files\Java\jdk-21\bin\vcruntime140_1.dll
0x00007ffc7dfa0000 - 0x00007ffc7e02e000 	C:\Program Files\Java\jdk-21\bin\msvcp140.dll
0x00007ffc379b0000 - 0x00007ffc386c7000 	C:\Program Files\Java\jdk-21\bin\server\jvm.dll
0x00007ffca1bf0000 - 0x00007ffca1c5b000 	C:\WINDOWS\System32\WS2_32.dll
0x00007ffca09a0000 - 0x00007ffca09eb000 	C:\WINDOWS\SYSTEM32\POWRPROF.dll
0x00007ffc96c70000 - 0x00007ffc96c97000 	C:\WINDOWS\SYSTEM32\WINMM.dll
0x00007ffca0980000 - 0x00007ffca0992000 	C:\WINDOWS\SYSTEM32\UMPDC.dll
0x00007ffc9e9b0000 - 0x00007ffc9e9c2000 	C:\WINDOWS\SYSTEM32\kernel.appcore.dll
0x00007ffc9bb60000 - 0x00007ffc9bb6a000 	C:\Program Files\Java\jdk-21\bin\jimage.dll
0x00007ffc97770000 - 0x00007ffc97954000 	C:\WINDOWS\SYSTEM32\DBGHELP.DLL
0x00007ffc97b10000 - 0x00007ffc97b44000 	C:\WINDOWS\SYSTEM32\dbgcore.DLL
0x00007ffca1160000 - 0x00007ffca11e2000 	C:\WINDOWS\System32\bcryptPrimitives.dll
0x00007ffc9e330000 - 0x00007ffc9e33f000 	C:\Program Files\Java\jdk-21\bin\instrument.dll
0x00007ffc98e80000 - 0x00007ffc98e9f000 	C:\Program Files\Java\jdk-21\bin\java.dll
0x00007ffca23d0000 - 0x00007ffca2b3b000 	C:\WINDOWS\System32\SHELL32.dll
0x00007ffc9ebb0000 - 0x00007ffc9f34e000 	C:\WINDOWS\SYSTEM32\windows.storage.dll
0x00007ffca1fa0000 - 0x00007ffca22f3000 	C:\WINDOWS\System32\combase.dll
0x00007ffca03c0000 - 0x00007ffca03ee000 	C:\WINDOWS\SYSTEM32\Wldp.dll
0x00007ffca1760000 - 0x00007ffca182d000 	C:\WINDOWS\System32\OLEAUT32.dll
0x00007ffca33a0000 - 0x00007ffca344d000 	C:\WINDOWS\System32\SHCORE.dll
0x00007ffca1f30000 - 0x00007ffca1f85000 	C:\WINDOWS\System32\shlwapi.dll
0x00007ffca0a70000 - 0x00007ffca0a93000 	C:\WINDOWS\SYSTEM32\profapi.dll
0x00007ffc7d620000 - 0x00007ffc7d6f7000 	C:\Program Files\Java\jdk-21\bin\jsvml.dll
0x00007ffc880b0000 - 0x00007ffc880c8000 	C:\Program Files\Java\jdk-21\bin\zip.dll
0x00007ffc9afb0000 - 0x00007ffc9afc0000 	C:\Program Files\Java\jdk-21\bin\net.dll
0x00007ffc9a220000 - 0x00007ffc9a32a000 	C:\WINDOWS\SYSTEM32\WINHTTP.dll
0x00007ffca01a0000 - 0x00007ffca020a000 	C:\WINDOWS\system32\mswsock.dll
0x00007ffc88450000 - 0x00007ffc88466000 	C:\Program Files\Java\jdk-21\bin\nio.dll
0x00007ffc83fd0000 - 0x00007ffc83fea000 	C:\Users\user\AppData\Local\Programs\IntelliJ IDEA Ultimate 2024.1.2\bin\breakgen64.dll
0x00007ffc99e70000 - 0x00007ffc99e79000 	C:\Program Files\Java\jdk-21\bin\extnet.dll
0x0000000069ac0000 - 0x0000000069ae4000 	C:\Users\user\AppData\Local\Temp\jansi-2.4.0-9368d6ac35fb1d9a-jansi.dll
0x00007ffc93440000 - 0x00007ffc93450000 	C:\Program Files\Java\jdk-21\bin\verify.dll

dbghelp: loaded successfully - version: 4.0.5 - missing functions: none
symbol engine: initialized successfully - sym options: 0x614 - pdb path: .;C:\Program Files\Java\jdk-21\bin;C:\WINDOWS\SYSTEM32;C:\Program Files\AVAST Software\Avast;C:\WINDOWS\WinSxS\amd64_microsoft.windows.common-controls_6595b64144ccf1df_6.0.19041.3636_none_60b6a03d71f818d5;C:\Program Files\Java\jdk-21\bin\server;C:\Users\user\AppData\Local\Programs\IntelliJ IDEA Ultimate 2024.1.2\bin;C:\Users\user\AppData\Local\Temp

VM Arguments:
jvm_args: -Dmaven.multiModuleProjectDirectory=C:\Users\user\Desktop\javita\2doParcial-Sw2-2024\gatewayreactivo -Djansi.passthrough=true -Dmaven.home=C:\Users\user\.m2\wrapper\dists\apache-maven-3.9.6-bin\439sdfsg2nbdob9ciift5h5nse\apache-maven-3.9.6 -Dclassworlds.conf=C:\Users\user\.m2\wrapper\dists\apache-maven-3.9.6-bin\439sdfsg2nbdob9ciift5h5nse\apache-maven-3.9.6\bin\m2.conf -Dmaven.ext.class.path=C:\Users\user\AppData\Local\Programs\IntelliJ IDEA Ultimate 2024.1.2\plugins\maven\lib\maven-event-listener.jar -javaagent:C:\Users\user\AppData\Local\Programs\IntelliJ IDEA Ultimate 2024.1.2\lib\idea_rt.jar=55451:C:\Users\user\AppData\Local\Programs\IntelliJ IDEA Ultimate 2024.1.2\bin -Dfile.encoding=UTF-8 -Dsun.stdout.encoding=UTF-8 -Dsun.stderr.encoding=UTF-8 
java_command: org.codehaus.classworlds.Launcher -Didea.version=2024.1.2 org.springframework.boot:spring-boot-maven-plugin:3.3.0:run
java_class_path (initial): C:\Users\user\.m2\wrapper\dists\apache-maven-3.9.6-bin\439sdfsg2nbdob9ciift5h5nse\apache-maven-3.9.6\boot\plexus-classworlds-2.7.0.jar;C:\Users\user\.m2\wrapper\dists\apache-maven-3.9.6-bin\439sdfsg2nbdob9ciift5h5nse\apache-maven-3.9.6\boot\plexus-classworlds.license
Launcher Type: SUN_STANDARD

[Global flags]
     intx CICompilerCount                          = 4                                         {product} {ergonomic}
     uint ConcGCThreads                            = 3                                         {product} {ergonomic}
     uint G1ConcRefinementThreads                  = 10                                        {product} {ergonomic}
   size_t G1HeapRegionSize                         = 4194304                                   {product} {ergonomic}
    uintx GCDrainStackTargetSize                   = 64                                        {product} {ergonomic}
   size_t InitialHeapSize                          = 536870912                                 {product} {ergonomic}
   size_t MarkStackSize                            = 4194304                                   {product} {ergonomic}
   size_t MaxHeapSize                              = 8573157376                                {product} {ergonomic}
   size_t MaxNewSize                               = 5142216704                                {product} {ergonomic}
   size_t MinHeapDeltaBytes                        = 4194304                                   {product} {ergonomic}
   size_t MinHeapSize                              = 8388608                                   {product} {ergonomic}
    uintx NonNMethodCodeHeapSize                   = 5839372                                {pd product} {ergonomic}
    uintx NonProfiledCodeHeapSize                  = 122909434                              {pd product} {ergonomic}
    uintx ProfiledCodeHeapSize                     = 122909434                              {pd product} {ergonomic}
    uintx ReservedCodeCacheSize                    = 251658240                              {pd product} {ergonomic}
     bool SegmentedCodeCache                       = true                                      {product} {ergonomic}
   size_t SoftMaxHeapSize                          = 8573157376                             {manageable} {ergonomic}
     bool UseCompressedOops                        = true                           {product lp64_product} {ergonomic}
     bool UseG1GC                                  = true                                      {product} {ergonomic}
     bool UseLargePagesIndividualAllocation        = false                                  {pd product} {ergonomic}

Logging:
Log output configuration:
 #0: stdout all=warning uptime,level,tags foldmultilines=false
 #1: stderr all=off uptime,level,tags foldmultilines=false

Environment Variables:
JAVA_HOME=C:\Program Files\Java\jdk-21
CLASSPATH=.;
PATH=C:\Users\user\AppData\Roaming\Python\Python311\Scripts;C:\Program Files\Python311\Scripts\;C:\Program Files\Python311\;C:\VulkanSDK\1.1.85.0\Bin;C:\Program Files (x86)\Intel\Intel(R) Management Engine Components\iCLS\;C:\Program Files\Intel\Intel(R) Management Engine Components\iCLS\;C:\Windows\system32;C:\Windows;C:\Windows\System32\Wbem;C:\Windows\System32\WindowsPowerShell\v1.0\;C:\Program Files (x86)\NVIDIA Corporation\PhysX\Common;C:\Program Files (x86)\Intel\Intel(R) Management Engine Components\DAL;C:\Program Files\Intel\Intel(R) Management Engine Components\DAL;C:\Program Files (x86)\Intel\Intel(R) Management Engine Components\IPT;C:\Program Files\Intel\Intel(R) Management Engine Components\IPT;C:\Program Files\NVIDIA Corporation\NVIDIA NvDLISR;C:\WINDOWS\system32;C:\WINDOWS;C:\WINDOWS\System32\Wbem;C:\WINDOWS\System32\WindowsPowerShell\v1.0\;C:\WINDOWS\System32\OpenSSH\;C:\Program Files\Microsoft VS Code\bin;C:\Program Files\NASM;C:\sqlite3;C:\MinGWx64\bin;C:\Program Files\Microsoft SQL Server\Client SDK\ODBC\170\Tools\Binn\;C:\Program Files (x86)\Microsoft SQL Server\150\DTS\Binn\;C:\Program Files\Azure Data Studio\bin;C:\xampp\php;C:\ProgramData\ComposerSetup\bin;C:\Users\user\AppData\Local\Android\Sdk\platform-tools;C:\Program Files\Microsoft SQL Server\130\Tools\Binn\;C:\Program Files (x86)\Microsoft SQL Server\140\DTS\Binn\;C:\Program Files (x86)\Microsoft SQL Server\150\Tools\Binn\;C:\Program Files\dotnet\;C:\Program Files\Microsoft SQL Server\150\Tools\Binn\;C:\Program Files\Microsoft SQL Server\150\DTS\Binn\;C:\Program Files\nodejs\;C:\WINDOWS\system32;C:\WINDOWS;C:\WINDOWS\System32\Wbem;C:\WINDOWS\System32\WindowsPowerShell\v1.0\;C:\WINDOWS\System32\OpenSSH\;C:\Program Files\Git\bin;C:\Program Files\Docker\Docker\resources\bin;C:\Program Files\Amazon\AWSCLIV2\;C:\minikube;C:\Users\user\Downloads\sonar-scanner-5.0.1.3006-windows\bin;C:\Program Files\PostgreSQL\15\bin;C:\Program Files\MongoDB\Server\7.0\bin;C:\Program Files\Java\jdk-21\bin;C:\maven-3.9.6\bin;C:\Users\user\AppData\Local\Microsoft\WindowsApps;C:\Program Files\Azure Data Studio\bin;C:\Users\user\AppData\Roaming\Composer\vendor\bin;C:\flutter\bin;C:\Program Files\Android\Android Studio\jre\bin;C:\Users\user\AppData\Roaming\npm;C:\Users\user\.dotnet\tools;C:\Users\user\AppData\Local\Google\Cloud SDK\google-cloud-sdk\bin;C:\Users\user\.fly\bin;C:\Program Files\Git\bin;C:\Users\user\Downloads\sonar-scanner-5.0.1.3006-windows\bin;C:\Program Files\JetBrains\PyCharm 2024.1.3\bin;;
USERNAME=user
OS=Windows_NT
PROCESSOR_IDENTIFIER=Intel64 Family 6 Model 158 Stepping 10, GenuineIntel
TMP=C:\Users\user\AppData\Local\Temp
TEMP=C:\Users\user\AppData\Local\Temp




Periodic native trim disabled

---------------  S Y S T E M  ---------------

OS:
 Windows 10 , 64 bit Build 19041 (10.0.19041.3636)
OS uptime: 1 days 15:14 hours
Hyper-V role detected

CPU: total 12 (initial active 12) (6 cores per cpu, 2 threads per core) family 6 model 158 stepping 10 microcode 0xb4, cx8, cmov, fxsr, ht, mmx, 3dnowpref, sse, sse2, sse3, ssse3, sse4.1, sse4.2, popcnt, lzcnt, tsc, tscinvbit, avx, avx2, aes, erms, clmul, bmi1, bmi2, rtm, adx, fma, vzeroupper, clflush, clflushopt, hv, rdtscp, f16c
Processor Information for all 12 processors :
  Max Mhz: 3192, Current Mhz: 3192, Mhz Limit: 3192

Memory: 4k page, system-wide physical 32692M (15651M free)
TotalPageFile size 37556M (AvailPageFile size 9607M)
current process WorkingSet (physical memory assigned to process): 324M, peak: 324M
current process commit charge ("private bytes"): 681M, peak: 684M

vm_info: Java HotSpot(TM) 64-Bit Server VM (21.0.2+13-LTS-58) for windows-amd64 JRE (21.0.2+13-LTS-58), built on 2024-01-05T18:32:24Z by "mach5one" with MS VC++ 17.1 (VS2022)

END.
